Determining if the pthread_create exist failed with the following output:
Change Dir: /home/ubuntu/ROB456_Final/catkin_ws/build/CMakeFiles/CMakeTmp

Run Build Command:"/usr/bin/make" "cmTC_6cacc/fast"
/usr/bin/make -f CMakeFiles/cmTC_6cacc.dir/build.make CMakeFiles/cmTC_6cacc.dir/build
make[1]: Entering directory '/home/ubuntu/ROB456_Final/catkin_ws/build/CMakeFiles/CMakeTmp'
Building C object CMakeFiles/cmTC_6cacc.dir/CheckSymbolExists.c.o
/usr/bin/cc    -o CMakeFiles/cmTC_6cacc.dir/CheckSymbolExists.c.o   -c /home/ubuntu/ROB456_Final/catkin_ws/build/CMakeFiles/CMakeTmp/CheckSymbolExists.c
Linking C executable cmTC_6cacc
/usr/bin/cmake -E cmake_link_script CMakeFiles/cmTC_6cacc.dir/link.txt --verbose=1
/usr/bin/cc      -rdynamic CMakeFiles/cmTC_6cacc.dir/CheckSymbolExists.c.o  -o cmTC_6cacc 
CMakeFiles/cmTC_6cacc.dir/CheckSymbolExists.c.o: In function `main':
CheckSymbolExists.c:(.text+0x1b): undefined reference to `pthread_create'
collect2: error: ld returned 1 exit status
CMakeFiles/cmTC_6cacc.dir/build.make:97: recipe for target 'cmTC_6cacc' failed
make[1]: *** [cmTC_6cacc] Error 1
make[1]: Leaving directory '/home/ubuntu/ROB456_Final/catkin_ws/build/CMakeFiles/CMakeTmp'
Makefile:126: recipe for target 'cmTC_6cacc/fast' failed
make: *** [cmTC_6cacc/fast] Error 2

File /home/ubuntu/ROB456_Final/catkin_ws/build/CMakeFiles/CMakeTmp/CheckSymbolExists.c:
/* */
#include <pthread.h>

int main(int argc, char** argv)
{
  (void)argv;
#ifndef pthread_create
  return ((int*)(&pthread_create))[argc];
#else
  (void)argc;
  return 0;
#endif
}

Determining if the function pthread_create exists in the pthreads failed with the following output:
Change Dir: /home/ubuntu/ROB456_Final/catkin_ws/build/CMakeFiles/CMakeTmp

Run Build Command:"/usr/bin/make" "cmTC_a1086/fast"
/usr/bin/make -f CMakeFiles/cmTC_a1086.dir/build.make CMakeFiles/cmTC_a1086.dir/build
make[1]: Entering directory '/home/ubuntu/ROB456_Final/catkin_ws/build/CMakeFiles/CMakeTmp'
Building C object CMakeFiles/cmTC_a1086.dir/CheckFunctionExists.c.o
/usr/bin/cc   -DCHECK_FUNCTION_EXISTS=pthread_create   -o CMakeFiles/cmTC_a1086.dir/CheckFunctionExists.c.o   -c /usr/share/cmake-3.10/Modules/CheckFunctionExists.c
Linking C executable cmTC_a1086
/usr/bin/cmake -E cmake_link_script CMakeFiles/cmTC_a1086.dir/link.txt --verbose=1
/usr/bin/cc  -DCHECK_FUNCTION_EXISTS=pthread_create    -rdynamic CMakeFiles/cmTC_a1086.dir/CheckFunctionExists.c.o  -o cmTC_a1086 -lpthreads 
/usr/bin/ld: cannot find -lpthreads
collect2: error: ld returned 1 exit status
CMakeFiles/cmTC_a1086.dir/build.make:97: recipe for target 'cmTC_a1086' failed
make[1]: *** [cmTC_a1086] Error 1
make[1]: Leaving directory '/home/ubuntu/ROB456_Final/catkin_ws/build/CMakeFiles/CMakeTmp'
Makefile:126: recipe for target 'cmTC_a1086/fast' failed
make: *** [cmTC_a1086/fast] Error 2


